/bin/sh: 1: Syntax error: "(" unexpected
gmake[2]: *** [CMakeFiles/ament_cmake_python_copy_divide_interface.dir/build.make:70: CMakeFiles/ament_cmake_python_copy_divide_interface] Error 2
gmake[1]: *** [CMakeFiles/Makefile2:421: CMakeFiles/ament_cmake_python_copy_divide_interface.dir/all] Error 2
gmake[1]: *** Waiting for unfinished jobs....
[  3%] Built target divide_interface__cpp
[ 12%] Built target divide_interface__rosidl_generator_c
gmake: *** [Makefile:146: all] Error 2
