-- The C compiler identification is GNU 12.3.0
-- The CXX compiler identification is GNU 11.4.0
-- Detecting C compiler ABI info
-- Detecting C compiler ABI info - done
-- Check for working C compiler: /usr/bin/cc - skipped
-- Detecting C compile features
-- Detecting C compile features - done
-- Detecting CXX compiler ABI info
-- Detecting CXX compiler ABI info - done
-- Check for working CXX compiler: /usr/bin/c++ - skipped
-- Detecting CXX compile features
-- Detecting CXX compile features - done
-- Found ament_cmake: 1.3.10 (/opt/ros/humble/share/ament_cmake/cmake)
-- Found Python3: /usr/bin/python3 (found version "3.10.12") found components: Interpreter 
-- Found rclcpp: 16.0.10 (/opt/ros/humble/share/rclcpp/cmake)
-- Found rosidl_generator_c: 3.1.5 (/opt/ros/humble/share/rosidl_generator_c/cmake)
-- Found rosidl_adapter: 3.1.5 (/opt/ros/humble/share/rosidl_adapter/cmake)
-- Found rosidl_generator_cpp: 3.1.5 (/opt/ros/humble/share/rosidl_generator_cpp/cmake)
-- Using all available rosidl_typesupport_c: rosidl_typesupport_fastrtps_c;rosidl_typesupport_introspection_c
-- Using all available rosidl_typesupport_cpp: rosidl_typesupport_fastrtps_cpp;rosidl_typesupport_introspection_cpp
-- Found rmw_implementation_cmake: 6.1.2 (/opt/ros/humble/share/rmw_implementation_cmake/cmake)
-- Found rmw_fastrtps_cpp: 6.2.7 (/opt/ros/humble/share/rmw_fastrtps_cpp/cmake)
-- Found OpenSSL: /usr/lib/x86_64-linux-gnu/libcrypto.so (found version "3.0.2")  
-- Found FastRTPS: /opt/ros/humble/include  
-- Using RMW implementation 'rmw_fastrtps_cpp' as default
-- Performing Test CMAKE_HAVE_LIBC_PTHREAD
-- Performing Test CMAKE_HAVE_LIBC_PTHREAD - Success
-- Found Threads: TRUE  
-- Found divide_interface: 0.0.0 (/home/luna/2025-vision-training-master/2025-vision-training-master/homework4/ros_ws/install/divide_interface/share/divide_interface/cmake)
-- Found ament_lint_auto: 0.12.11 (/opt/ros/humble/share/ament_lint_auto/cmake)
-- Added test 'cppcheck' to perform static code analysis on C / C++ code
-- Configured cppcheck include dirs: 
-- Configured cppcheck exclude dirs and/or files: 
-- Added test 'lint_cmake' to check CMake code style
-- Added test 'uncrustify' to check C / C++ code style
-- Configured uncrustify additional arguments: 
-- Added test 'xmllint' to check XML markup files
-- Configuring done (0.9s)
-- Generating done (0.0s)
-- Build files have been written to: /home/luna/2025-vision-training-master/2025-vision-training-master/homework4/ros_ws/build/divide_package
[ 25%] [32mBuilding CXX object CMakeFiles/server.dir/src/server.cpp.o[0m
[ 50%] [32mBuilding CXX object CMakeFiles/client.dir/src/client.cpp.o[0m
[01m[K/home/luna/2025-vision-training-master/2025-vision-training-master/homework4/ros_ws/src/divide_package/src/server.cpp:2:10:[m[K [01;31m[Kfatal error: [m[Kdivide_interface/srv/division_service.hpp: No such file or directory
    2 | #include [01;31m[K"divide_interface/srv/division_service.hpp"[m[K
      |          [01;31m[K^~~~~~~~~~~~~~~~~~~~~~~~~~~~~~~~~~~~~~~~~~~[m[K
compilation terminated.
gmake[2]: *** [CMakeFiles/server.dir/build.make:76: CMakeFiles/server.dir/src/server.cpp.o] Error 1
gmake[1]: *** [CMakeFiles/Makefile2:139: CMakeFiles/server.dir/all] Error 2
gmake[1]: *** Waiting for unfinished jobs....
[01m[K/home/luna/2025-vision-training-master/2025-vision-training-master/homework4/ros_ws/src/divide_package/src/client.cpp:[m[K In function â€˜[01m[Kint main(int, char**)[m[Kâ€™:
[01m[K/home/luna/2025-vision-training-master/2025-vision-training-master/homework4/ros_ws/src/divide_package/src/client.cpp:20:18:[m[K [01;31m[Kerror: [m[Kâ€˜[01m[Kdivision_interfaces[m[Kâ€™ was not declared in this scope; did you mean â€˜[01m[Kdivide_interface[m[Kâ€™?
   20 |   rclcpp::Client<[01;31m[Kdivision_interfaces[m[K::srv::DivisionService>::SharedPtr client =
      |                  [01;31m[K^~~~~~~~~~~~~~~~~~~[m[K
      |                  [32m[Kdivide_interface[m[K
[01m[K/home/luna/2025-vision-training-master/2025-vision-training-master/homework4/ros_ws/src/divide_package/src/client.cpp:20:59:[m[K [01;31m[Kerror: [m[Ktemplate argument 1 is invalid
   20 |   rclcpp::Client<division_interfaces::srv::DivisionService[01;31m[K>[m[K::SharedPtr client =
      |                                                           [01;31m[K^[m[K
[01m[K/home/luna/2025-vision-training-master/2025-vision-training-master/homework4/ros_ws/src/divide_package/src/client.cpp:20:72:[m[K [01;31m[Kerror: [m[Kqualified-id in declaration before â€˜[01m[Kclient[m[Kâ€™
   20 |   rclcpp::Client<division_interfaces::srv::DivisionService>::SharedPtr [01;31m[Kclient[m[K =
      |                                                                        [01;31m[K^~~~~~[m[K
[01m[K/home/luna/2025-vision-training-master/2025-vision-training-master/homework4/ros_ws/src/divide_package/src/client.cpp:23:23:[m[K [01;31m[Kerror: [m[Kparse error in template argument list
   23 |   auto request = std::[01;31m[Kmake_shared<division_interfaces::srv::DivisionService::Request>[m[K();
      |                       [01;31m[K^~~~~~~~~~~~~~~~~~~~~~~~~~~~~~~~~~~~~~~~~~~~~~~~~~~~~~~~~~~~~~~[m[K
[01m[K/home/luna/2025-vision-training-master/2025-vision-training-master/homework4/ros_ws/src/divide_package/src/client.cpp:23:86:[m[K [01;31m[Kerror: [m[Kno matching function for call to â€˜[01m[Kmake_shared<division_interfaces>()[m[Kâ€™
   23 |   auto request = [01;31m[Kstd::make_shared<division_interfaces::srv::DivisionService::Request>()[m[K;
      |                  [01;31m[K~~~~~~~~~~~~~~~~~~~~~~~~~~~~~~~~~~~~~~~~~~~~~~~~~~~~~~~~~~~~~~~~~~~~^~[m[K
In file included from [01m[K/usr/include/c++/11/memory:77[m[K,
                 from [01m[K/opt/ros/humble/include/rclcpp/rclcpp/rclcpp.hpp:153[m[K,
                 from [01m[K/home/luna/2025-vision-training-master/2025-vision-training-master/homework4/ros_ws/src/divide_package/src/client.cpp:1[m[K:
[01m[K/usr/include/c++/11/bits/shared_ptr.h:875:5:[m[K [01;36m[Knote: [m[Kcandidate: â€˜[01m[Ktemplate<class _Tp, class ... _Args> std::shared_ptr<_Tp> std::make_shared(_Args&& ...)[m[Kâ€™
  875 |     [01;36m[Kmake_shared[m[K(_Args&&... __args)
      |     [01;36m[K^~~~~~~~~~~[m[K
[01m[K/usr/include/c++/11/bits/shared_ptr.h:875:5:[m[K [01;36m[Knote: [m[K  template argument deduction/substitution failed:
[01m[K/home/luna/2025-vision-training-master/2025-vision-training-master/homework4/ros_ws/src/divide_package/src/client.cpp:33:11:[m[K [01;31m[Kerror: [m[Kâ€˜[01m[Kclient[m[Kâ€™ was not declared in this scope
   33 |   while (![01;31m[Kclient[m[K->wait_for_service(1s)) {
      |           [01;31m[K^~~~~~[m[K
[01m[K/home/luna/2025-vision-training-master/2025-vision-training-master/homework4/ros_ws/src/divide_package/src/client.cpp:41:24:[m[K [01;31m[Kerror: [m[Kâ€˜[01m[Kclient[m[Kâ€™ was not declared in this scope
   41 |   auto result_future = [01;31m[Kclient[m[K->async_send_request(request);
      |                        [01;31m[K^~~~~~[m[K
gmake[2]: *** [CMakeFiles/client.dir/build.make:76: CMakeFiles/client.dir/src/client.cpp.o] Error 1
gmake[1]: *** [CMakeFiles/Makefile2:165: CMakeFiles/client.dir/all] Error 2
gmake: *** [Makefile:146: all] Error 2
