[0.006s] Invoking command in '/home/luna/2025-vision-training-master (1)/2025-vision-training-master/homework4/ros_ws/build/example_service_rclcpp': CMAKE_PREFIX_PATH=/opt/ros/humble /usr/bin/cmake /home/luna/2025-vision-training-master (1)/2025-vision-training-master/homework4/ros_ws/src/example_service_rclcpp -DCMAKE_INSTALL_PREFIX=/home/luna/2025-vision-training-master (1)/2025-vision-training-master/homework4/ros_ws/install/example_service_rclcpp
[0.060s] -- The C compiler identification is GNU 12.3.0
[0.117s] -- The CXX compiler identification is GNU 11.4.0
[0.139s] -- Detecting C compiler ABI info
[0.210s] -- Detecting C compiler ABI info - done
[0.227s] -- Check for working C compiler: /usr/bin/cc - skipped
[0.227s] -- Detecting C compile features
[0.228s] -- Detecting C compile features - done
[0.239s] -- Detecting CXX compiler ABI info
[0.318s] -- Detecting CXX compiler ABI info - done
[0.332s] -- Check for working CXX compiler: /usr/bin/c++ - skipped
[0.332s] -- Detecting CXX compile features
[0.333s] -- Detecting CXX compile features - done
[0.334s] -- Found ament_cmake: 1.3.10 (/opt/ros/humble/share/ament_cmake/cmake)
[0.449s] -- Found Python3: /usr/bin/python3 (found version "3.10.12") found components: Interpreter 
[0.524s] -- Found rclcpp: 16.0.10 (/opt/ros/humble/share/rclcpp/cmake)
[0.558s] -- Found rosidl_generator_c: 3.1.5 (/opt/ros/humble/share/rosidl_generator_c/cmake)
[0.562s] -- Found rosidl_adapter: 3.1.5 (/opt/ros/humble/share/rosidl_adapter/cmake)
[0.569s] -- Found rosidl_generator_cpp: 3.1.5 (/opt/ros/humble/share/rosidl_generator_cpp/cmake)
[0.581s] -- Using all available rosidl_typesupport_c: rosidl_typesupport_fastrtps_c;rosidl_typesupport_introspection_c
[0.596s] -- Using all available rosidl_typesupport_cpp: rosidl_typesupport_fastrtps_cpp;rosidl_typesupport_introspection_cpp
[0.636s] -- Found rmw_implementation_cmake: 6.1.2 (/opt/ros/humble/share/rmw_implementation_cmake/cmake)
[0.638s] -- Found rmw_fastrtps_cpp: 6.2.7 (/opt/ros/humble/share/rmw_fastrtps_cpp/cmake)
[0.717s] -- Found OpenSSL: /usr/lib/x86_64-linux-gnu/libcrypto.so (found version "3.0.2")  
[0.746s] -- Found FastRTPS: /opt/ros/humble/include  
[0.779s] -- Using RMW implementation 'rmw_fastrtps_cpp' as default
[0.785s] -- Performing Test CMAKE_HAVE_LIBC_PTHREAD
[0.860s] -- Performing Test CMAKE_HAVE_LIBC_PTHREAD - Success
[0.862s] -- Found Threads: TRUE  
[0.908s] -- Found rosidl_default_generators: 1.2.0 (/opt/ros/humble/share/rosidl_default_generators/cmake)
[1.235s] -- Found ament_cmake_ros: 0.10.0 (/opt/ros/humble/share/ament_cmake_ros/cmake)
[1.848s] -- Using all available rosidl_typesupport_c: rosidl_typesupport_fastrtps_c;rosidl_typesupport_introspection_c
[2.064s] -- Using all available rosidl_typesupport_cpp: rosidl_typesupport_fastrtps_cpp;rosidl_typesupport_introspection_cpp
[2.066s] [33mCMake Warning (dev) at /opt/ros/humble/share/rosidl_generator_py/cmake/rosidl_generator_py_generate_interfaces.cmake:20 (find_package):
[2.066s]   Policy CMP0148 is not set: The FindPythonInterp and FindPythonLibs modules
[2.066s]   are removed.  Run "cmake --help-policy CMP0148" for policy details.  Use
[2.066s]   the cmake_policy command to set the policy and suppress this warning.
[2.066s] 
[2.066s] Call Stack (most recent call first):
[2.066s]   /opt/ros/humble/share/ament_cmake_core/cmake/core/ament_execute_extensions.cmake:48 (include)
[2.066s]   /opt/ros/humble/share/rosidl_cmake/cmake/rosidl_generate_interfaces.cmake:286 (ament_execute_extensions)
[2.066s]   CMakeLists.txt:9 (rosidl_generate_interfaces)
[2.067s] This warning is for project developers.  Use -Wno-dev to suppress it.
[2.067s] [0m
[2.080s] -- Found PythonInterp: /usr/bin/python3 (found suitable version "3.10.12", minimum required is "3.6") 
[2.081s] -- Found python_cmake_module: 0.10.0 (/opt/ros/humble/share/python_cmake_module/cmake)
[2.081s] [33mCMake Warning (dev) at /opt/ros/humble/share/python_cmake_module/cmake/Modules/FindPythonExtra.cmake:52 (find_package):
[2.081s]   Policy CMP0148 is not set: The FindPythonInterp and FindPythonLibs modules
[2.081s]   are removed.  Run "cmake --help-policy CMP0148" for policy details.  Use
[2.081s]   the cmake_policy command to set the policy and suppress this warning.
[2.081s] 
[2.081s] Call Stack (most recent call first):
[2.081s]   /opt/ros/humble/share/rosidl_generator_py/cmake/rosidl_generator_py_generate_interfaces.cmake:23 (find_package)
[2.082s]   /opt/ros/humble/share/ament_cmake_core/cmake/core/ament_execute_extensions.cmake:48 (include)
[2.082s]   /opt/ros/humble/share/rosidl_cmake/cmake/rosidl_generate_interfaces.cmake:286 (ament_execute_extensions)
[2.082s]   CMakeLists.txt:9 (rosidl_generate_interfaces)
[2.082s] This warning is for project developers.  Use -Wno-dev to suppress it.
[2.082s] [0m
[2.094s] [33mCMake Warning (dev) at /opt/ros/humble/share/python_cmake_module/cmake/Modules/FindPythonExtra.cmake:140 (find_package):
[2.094s]   Policy CMP0148 is not set: The FindPythonInterp and FindPythonLibs modules
[2.095s]   are removed.  Run "cmake --help-policy CMP0148" for policy details.  Use
[2.095s]   the cmake_policy command to set the policy and suppress this warning.
[2.095s] 
[2.095s] Call Stack (most recent call first):
[2.095s]   /opt/ros/humble/share/rosidl_generator_py/cmake/rosidl_generator_py_generate_interfaces.cmake:23 (find_package)
[2.095s]   /opt/ros/humble/share/ament_cmake_core/cmake/core/ament_execute_extensions.cmake:48 (include)
[2.095s]   /opt/ros/humble/share/rosidl_cmake/cmake/rosidl_generate_interfaces.cmake:286 (ament_execute_extensions)
[2.095s]   CMakeLists.txt:9 (rosidl_generate_interfaces)
[2.095s] This warning is for project developers.  Use -Wno-dev to suppress it.
[2.095s] [0m
[2.098s] -- Found PythonLibs: /usr/lib/x86_64-linux-gnu/libpython3.10.so (found suitable version "3.10.12", minimum required is "3.5") 
[2.098s] -- Using PYTHON_EXECUTABLE: /usr/bin/python3
[2.098s] -- Using PYTHON_INCLUDE_DIRS: /usr/include/python3.10
[2.099s] -- Using PYTHON_LIBRARIES: /usr/lib/x86_64-linux-gnu/libpython3.10.so
[2.112s] -- Found PythonExtra: .so  
[2.137s] -- Configuring done (2.1s)
[2.157s] -- Generating done (0.0s)
[2.159s] -- Build files have been written to: /home/luna/2025-vision-training-master (1)/2025-vision-training-master/homework4/ros_ws/build/example_service_rclcpp
[2.168s] Invoked command in '/home/luna/2025-vision-training-master (1)/2025-vision-training-master/homework4/ros_ws/build/example_service_rclcpp' returned '0': CMAKE_PREFIX_PATH=/opt/ros/humble /usr/bin/cmake /home/luna/2025-vision-training-master (1)/2025-vision-training-master/homework4/ros_ws/src/example_service_rclcpp -DCMAKE_INSTALL_PREFIX=/home/luna/2025-vision-training-master (1)/2025-vision-training-master/homework4/ros_ws/install/example_service_rclcpp
[2.168s] Invoking command in '/home/luna/2025-vision-training-master (1)/2025-vision-training-master/homework4/ros_ws/build/example_service_rclcpp': CMAKE_PREFIX_PATH=/opt/ros/humble /usr/bin/cmake --build /home/luna/2025-vision-training-master (1)/2025-vision-training-master/homework4/ros_ws/build/example_service_rclcpp -- -j32 -l32
[2.185s] [  3%] [34m[1mGenerating C code for ROS interfaces[0m
[2.189s] /bin/sh: 1: Syntax error: "(" unexpected
[2.189s] gmake[2]: *** [CMakeFiles/ament_cmake_python_copy_example_service_rclcpp.dir/build.make:70: CMakeFiles/ament_cmake_python_copy_example_service_rclcpp] Error 2
[2.190s] gmake[1]: *** [CMakeFiles/Makefile2:423: CMakeFiles/ament_cmake_python_copy_example_service_rclcpp.dir/all] Error 2
[2.190s] gmake[1]: *** Waiting for unfinished jobs....
[2.191s] [  6%] [34m[1mGenerating C++ code for ROS interfaces[0m
[2.192s] [  9%] [32mBuilding CXX object CMakeFiles/divide_service.dir/src/divide_service.cpp.o[0m
[2.317s] [01m[K/home/luna/2025-vision-training-master (1)/2025-vision-training-master/homework4/ros_ws/src/example_service_rclcpp/src/divide_service.cpp:3:10:[m[K [01;31m[Kfatal error: [m[Kexample_service_rclcpp/srv/divide.hpp: No such file or directory
[2.317s]     3 | #include [01;31m[K"example_service_rclcpp/srv/divide.hpp"[m[K
[2.317s]       |          [01;31m[K^~~~~~~~~~~~~~~~~~~~~~~~~~~~~~~~~~~~~~~[m[K
[2.317s] compilation terminated.
[2.321s] gmake[2]: *** [CMakeFiles/divide_service.dir/build.make:76: CMakeFiles/divide_service.dir/src/divide_service.cpp.o] Error 1
[2.321s] gmake[1]: *** [CMakeFiles/Makefile2:592: CMakeFiles/divide_service.dir/all] Error 2
[2.355s] [  9%] Built target example_service_rclcpp__cpp
[2.361s] [ 12%] [32mBuilding C object CMakeFiles/example_service_rclcpp__rosidl_generator_c.dir/rosidl_generator_c/example_service_rclcpp/srv/detail/divide__functions.c.o[0m
[2.404s] [ 15%] [32m[1mLinking C shared library libexample_service_rclcpp__rosidl_generator_c.so[0m
[2.426s] [ 15%] Built target example_service_rclcpp__rosidl_generator_c
[2.427s] gmake: *** [Makefile:146: all] Error 2
[2.429s] Invoked command in '/home/luna/2025-vision-training-master (1)/2025-vision-training-master/homework4/ros_ws/build/example_service_rclcpp' returned '2': CMAKE_PREFIX_PATH=/opt/ros/humble /usr/bin/cmake --build /home/luna/2025-vision-training-master (1)/2025-vision-training-master/homework4/ros_ws/build/example_service_rclcpp -- -j32 -l32
