[0.006s] Invoking command in '/home/luna/2025-vision-training-master (1)/2025-vision-training-master/homework4/ros_ws/build/divide_interface': CMAKE_PREFIX_PATH=/opt/ros/humble /usr/bin/cmake /home/luna/2025-vision-training-master (1)/2025-vision-training-master/homework4/ros_ws/src/divide_interface -DCMAKE_INSTALL_PREFIX=/home/luna/2025-vision-training-master (1)/2025-vision-training-master/homework4/ros_ws/install/divide_interface
[0.065s] -- The C compiler identification is GNU 12.3.0
[0.119s] -- The CXX compiler identification is GNU 11.4.0
[0.136s] -- Detecting C compiler ABI info
[0.210s] -- Detecting C compiler ABI info - done
[0.220s] -- Check for working C compiler: /usr/bin/cc - skipped
[0.221s] -- Detecting C compile features
[0.221s] -- Detecting C compile features - done
[0.230s] -- Detecting CXX compiler ABI info
[0.303s] -- Detecting CXX compiler ABI info - done
[0.315s] -- Check for working CXX compiler: /usr/bin/c++ - skipped
[0.315s] -- Detecting CXX compile features
[0.316s] -- Detecting CXX compile features - done
[0.317s] -- Found ament_cmake: 1.3.10 (/opt/ros/humble/share/ament_cmake/cmake)
[0.432s] -- Found Python3: /usr/bin/python3 (found version "3.10.12") found components: Interpreter 
[0.497s] -- Found rosidl_default_generators: 1.2.0 (/opt/ros/humble/share/rosidl_default_generators/cmake)
[0.498s] -- Using all available rosidl_typesupport_c: rosidl_typesupport_fastrtps_c;rosidl_typesupport_introspection_c
[0.502s] -- Found rosidl_adapter: 3.1.5 (/opt/ros/humble/share/rosidl_adapter/cmake)
[0.533s] -- Using all available rosidl_typesupport_cpp: rosidl_typesupport_fastrtps_cpp;rosidl_typesupport_introspection_cpp
[0.869s] -- Found ament_cmake_ros: 0.10.0 (/opt/ros/humble/share/ament_cmake_ros/cmake)
[1.266s] -- Using all available rosidl_typesupport_c: rosidl_typesupport_fastrtps_c;rosidl_typesupport_introspection_c
[1.754s] -- Using all available rosidl_typesupport_cpp: rosidl_typesupport_fastrtps_cpp;rosidl_typesupport_introspection_cpp
[1.756s] [33mCMake Warning (dev) at /opt/ros/humble/share/rosidl_generator_py/cmake/rosidl_generator_py_generate_interfaces.cmake:20 (find_package):
[1.756s]   Policy CMP0148 is not set: The FindPythonInterp and FindPythonLibs modules
[1.756s]   are removed.  Run "cmake --help-policy CMP0148" for policy details.  Use
[1.756s]   the cmake_policy command to set the policy and suppress this warning.
[1.756s] 
[1.756s] Call Stack (most recent call first):
[1.756s]   /opt/ros/humble/share/ament_cmake_core/cmake/core/ament_execute_extensions.cmake:48 (include)
[1.756s]   /opt/ros/humble/share/rosidl_cmake/cmake/rosidl_generate_interfaces.cmake:286 (ament_execute_extensions)
[1.756s]   CMakeLists.txt:13 (rosidl_generate_interfaces)
[1.756s] This warning is for project developers.  Use -Wno-dev to suppress it.
[1.756s] [0m
[1.778s] -- Found PythonInterp: /usr/bin/python3 (found suitable version "3.10.12", minimum required is "3.6") 
[1.779s] -- Found python_cmake_module: 0.10.0 (/opt/ros/humble/share/python_cmake_module/cmake)
[1.779s] [33mCMake Warning (dev) at /opt/ros/humble/share/python_cmake_module/cmake/Modules/FindPythonExtra.cmake:52 (find_package):
[1.779s]   Policy CMP0148 is not set: The FindPythonInterp and FindPythonLibs modules
[1.779s]   are removed.  Run "cmake --help-policy CMP0148" for policy details.  Use
[1.780s]   the cmake_policy command to set the policy and suppress this warning.
[1.780s] 
[1.780s] Call Stack (most recent call first):
[1.780s]   /opt/ros/humble/share/rosidl_generator_py/cmake/rosidl_generator_py_generate_interfaces.cmake:23 (find_package)
[1.780s]   /opt/ros/humble/share/ament_cmake_core/cmake/core/ament_execute_extensions.cmake:48 (include)
[1.780s]   /opt/ros/humble/share/rosidl_cmake/cmake/rosidl_generate_interfaces.cmake:286 (ament_execute_extensions)
[1.780s]   CMakeLists.txt:13 (rosidl_generate_interfaces)
[1.780s] This warning is for project developers.  Use -Wno-dev to suppress it.
[1.780s] [0m
[1.800s] [33mCMake Warning (dev) at /opt/ros/humble/share/python_cmake_module/cmake/Modules/FindPythonExtra.cmake:140 (find_package):
[1.801s]   Policy CMP0148 is not set: The FindPythonInterp and FindPythonLibs modules
[1.801s]   are removed.  Run "cmake --help-policy CMP0148" for policy details.  Use
[1.801s]   the cmake_policy command to set the policy and suppress this warning.
[1.801s] 
[1.801s] Call Stack (most recent call first):
[1.801s]   /opt/ros/humble/share/rosidl_generator_py/cmake/rosidl_generator_py_generate_interfaces.cmake:23 (find_package)
[1.801s]   /opt/ros/humble/share/ament_cmake_core/cmake/core/ament_execute_extensions.cmake:48 (include)
[1.801s]   /opt/ros/humble/share/rosidl_cmake/cmake/rosidl_generate_interfaces.cmake:286 (ament_execute_extensions)
[1.801s]   CMakeLists.txt:13 (rosidl_generate_interfaces)
[1.801s] This warning is for project developers.  Use -Wno-dev to suppress it.
[1.801s] [0m
[1.807s] -- Found PythonLibs: /usr/lib/x86_64-linux-gnu/libpython3.10.so (found suitable version "3.10.12", minimum required is "3.5") 
[1.807s] -- Using PYTHON_EXECUTABLE: /usr/bin/python3
[1.807s] -- Using PYTHON_INCLUDE_DIRS: /usr/include/python3.10
[1.807s] -- Using PYTHON_LIBRARIES: /usr/lib/x86_64-linux-gnu/libpython3.10.so
[1.828s] -- Found PythonExtra: .so  
[1.862s] -- Configuring done (1.9s)
[1.880s] -- Generating done (0.0s)
[1.882s] -- Build files have been written to: /home/luna/2025-vision-training-master (1)/2025-vision-training-master/homework4/ros_ws/build/divide_interface
[1.887s] Invoked command in '/home/luna/2025-vision-training-master (1)/2025-vision-training-master/homework4/ros_ws/build/divide_interface' returned '0': CMAKE_PREFIX_PATH=/opt/ros/humble /usr/bin/cmake /home/luna/2025-vision-training-master (1)/2025-vision-training-master/homework4/ros_ws/src/divide_interface -DCMAKE_INSTALL_PREFIX=/home/luna/2025-vision-training-master (1)/2025-vision-training-master/homework4/ros_ws/install/divide_interface
[1.888s] Invoking command in '/home/luna/2025-vision-training-master (1)/2025-vision-training-master/homework4/ros_ws/build/divide_interface': CMAKE_PREFIX_PATH=/opt/ros/humble /usr/bin/cmake --build /home/luna/2025-vision-training-master (1)/2025-vision-training-master/homework4/ros_ws/build/divide_interface -- -j32 -l32
[1.907s] [  3%] [34m[1mGenerating C code for ROS interfaces[0m
[1.912s] /bin/sh: 1: Syntax error: "(" unexpected
[1.912s] gmake[2]: *** [CMakeFiles/ament_cmake_python_copy_divide_interface.dir/build.make:70: CMakeFiles/ament_cmake_python_copy_divide_interface] Error 2
[1.912s] gmake[1]: *** [CMakeFiles/Makefile2:421: CMakeFiles/ament_cmake_python_copy_divide_interface.dir/all] Error 2
[1.912s] gmake[1]: *** Waiting for unfinished jobs....
[1.913s] [  6%] [34m[1mGenerating C++ code for ROS interfaces[0m
[2.074s] [  6%] Built target divide_interface__cpp
[2.078s] [  9%] [32mBuilding C object CMakeFiles/divide_interface__rosidl_generator_c.dir/rosidl_generator_c/divide_interface/srv/detail/divide__functions.c.o[0m
[2.121s] [ 12%] [32m[1mLinking C shared library libdivide_interface__rosidl_generator_c.so[0m
[2.152s] [ 12%] Built target divide_interface__rosidl_generator_c
[2.154s] gmake: *** [Makefile:146: all] Error 2
[2.156s] Invoked command in '/home/luna/2025-vision-training-master (1)/2025-vision-training-master/homework4/ros_ws/build/divide_interface' returned '2': CMAKE_PREFIX_PATH=/opt/ros/humble /usr/bin/cmake --build /home/luna/2025-vision-training-master (1)/2025-vision-training-master/homework4/ros_ws/build/divide_interface -- -j32 -l32
