[0.007s] Invoking command in '/home/luna/2025-vision-training-master (1)/2025-vision-training-master/homework4/ros_ws/build/div_interface': CMAKE_PREFIX_PATH=/opt/ros/humble /usr/bin/cmake /home/luna/2025-vision-training-master (1)/2025-vision-training-master/homework4/ros_ws/src/divide_interface -DCMAKE_INSTALL_PREFIX=/home/luna/2025-vision-training-master (1)/2025-vision-training-master/homework4/ros_ws/install/div_interface
[0.062s] -- The C compiler identification is GNU 12.3.0
[0.122s] -- The CXX compiler identification is GNU 11.4.0
[0.135s] -- Detecting C compiler ABI info
[0.201s] -- Detecting C compiler ABI info - done
[0.213s] -- Check for working C compiler: /usr/bin/cc - skipped
[0.214s] -- Detecting C compile features
[0.214s] -- Detecting C compile features - done
[0.223s] -- Detecting CXX compiler ABI info
[0.304s] -- Detecting CXX compiler ABI info - done
[0.312s] -- Check for working CXX compiler: /usr/bin/c++ - skipped
[0.313s] -- Detecting CXX compile features
[0.313s] -- Detecting CXX compile features - done
[0.314s] -- Found ament_cmake: 1.3.10 (/opt/ros/humble/share/ament_cmake/cmake)
[0.440s] -- Found Python3: /usr/bin/python3 (found version "3.10.12") found components: Interpreter 
[0.504s] -- Found rclcpp: 16.0.10 (/opt/ros/humble/share/rclcpp/cmake)
[0.534s] -- Found rosidl_generator_c: 3.1.5 (/opt/ros/humble/share/rosidl_generator_c/cmake)
[0.537s] -- Found rosidl_adapter: 3.1.5 (/opt/ros/humble/share/rosidl_adapter/cmake)
[0.544s] -- Found rosidl_generator_cpp: 3.1.5 (/opt/ros/humble/share/rosidl_generator_cpp/cmake)
[0.554s] -- Using all available rosidl_typesupport_c: rosidl_typesupport_fastrtps_c;rosidl_typesupport_introspection_c
[0.567s] -- Using all available rosidl_typesupport_cpp: rosidl_typesupport_fastrtps_cpp;rosidl_typesupport_introspection_cpp
[0.600s] -- Found rmw_implementation_cmake: 6.1.2 (/opt/ros/humble/share/rmw_implementation_cmake/cmake)
[0.602s] -- Found rmw_fastrtps_cpp: 6.2.7 (/opt/ros/humble/share/rmw_fastrtps_cpp/cmake)
[0.669s] -- Found OpenSSL: /usr/lib/x86_64-linux-gnu/libcrypto.so (found version "3.0.2")  
[0.693s] -- Found FastRTPS: /opt/ros/humble/include  
[0.722s] -- Using RMW implementation 'rmw_fastrtps_cpp' as default
[0.726s] -- Performing Test CMAKE_HAVE_LIBC_PTHREAD
[0.789s] -- Performing Test CMAKE_HAVE_LIBC_PTHREAD - Success
[0.790s] -- Found Threads: TRUE  
[0.841s] -- Found rosidl_default_generators: 1.2.0 (/opt/ros/humble/share/rosidl_default_generators/cmake)
[1.145s] -- Found ament_cmake_ros: 0.10.0 (/opt/ros/humble/share/ament_cmake_ros/cmake)
[1.712s] -- Using all available rosidl_typesupport_c: rosidl_typesupport_fastrtps_c;rosidl_typesupport_introspection_c
[1.940s] -- Using all available rosidl_typesupport_cpp: rosidl_typesupport_fastrtps_cpp;rosidl_typesupport_introspection_cpp
[1.942s] [33mCMake Warning (dev) at /opt/ros/humble/share/rosidl_generator_py/cmake/rosidl_generator_py_generate_interfaces.cmake:20 (find_package):
[1.942s]   Policy CMP0148 is not set: The FindPythonInterp and FindPythonLibs modules
[1.942s]   are removed.  Run "cmake --help-policy CMP0148" for policy details.  Use
[1.942s]   the cmake_policy command to set the policy and suppress this warning.
[1.942s] 
[1.942s] Call Stack (most recent call first):
[1.942s]   /opt/ros/humble/share/ament_cmake_core/cmake/core/ament_execute_extensions.cmake:48 (include)
[1.942s]   /opt/ros/humble/share/rosidl_cmake/cmake/rosidl_generate_interfaces.cmake:286 (ament_execute_extensions)
[1.942s]   CMakeLists.txt:13 (rosidl_generate_interfaces)
[1.942s] This warning is for project developers.  Use -Wno-dev to suppress it.
[1.942s] [0m
[1.963s] -- Found PythonInterp: /usr/bin/python3 (found suitable version "3.10.12", minimum required is "3.6") 
[1.963s] -- Found python_cmake_module: 0.10.0 (/opt/ros/humble/share/python_cmake_module/cmake)
[1.964s] [33mCMake Warning (dev) at /opt/ros/humble/share/python_cmake_module/cmake/Modules/FindPythonExtra.cmake:52 (find_package):
[1.964s]   Policy CMP0148 is not set: The FindPythonInterp and FindPythonLibs modules
[1.964s]   are removed.  Run "cmake --help-policy CMP0148" for policy details.  Use
[1.964s]   the cmake_policy command to set the policy and suppress this warning.
[1.964s] 
[1.964s] Call Stack (most recent call first):
[1.964s]   /opt/ros/humble/share/rosidl_generator_py/cmake/rosidl_generator_py_generate_interfaces.cmake:23 (find_package)
[1.964s]   /opt/ros/humble/share/ament_cmake_core/cmake/core/ament_execute_extensions.cmake:48 (include)
[1.964s]   /opt/ros/humble/share/rosidl_cmake/cmake/rosidl_generate_interfaces.cmake:286 (ament_execute_extensions)
[1.964s]   CMakeLists.txt:13 (rosidl_generate_interfaces)
[1.964s] This warning is for project developers.  Use -Wno-dev to suppress it.
[1.964s] [0m
[1.981s] [33mCMake Warning (dev) at /opt/ros/humble/share/python_cmake_module/cmake/Modules/FindPythonExtra.cmake:140 (find_package):
[1.981s]   Policy CMP0148 is not set: The FindPythonInterp and FindPythonLibs modules
[1.981s]   are removed.  Run "cmake --help-policy CMP0148" for policy details.  Use
[1.981s]   the cmake_policy command to set the policy and suppress this warning.
[1.981s] 
[1.981s] Call Stack (most recent call first):
[1.981s]   /opt/ros/humble/share/rosidl_generator_py/cmake/rosidl_generator_py_generate_interfaces.cmake:23 (find_package)
[1.981s]   /opt/ros/humble/share/ament_cmake_core/cmake/core/ament_execute_extensions.cmake:48 (include)
[1.981s]   /opt/ros/humble/share/rosidl_cmake/cmake/rosidl_generate_interfaces.cmake:286 (ament_execute_extensions)
[1.982s]   CMakeLists.txt:13 (rosidl_generate_interfaces)
[1.982s] This warning is for project developers.  Use -Wno-dev to suppress it.
[1.982s] [0m
[1.985s] -- Found PythonLibs: /usr/lib/x86_64-linux-gnu/libpython3.10.so (found suitable version "3.10.12", minimum required is "3.5") 
[1.985s] -- Using PYTHON_EXECUTABLE: /usr/bin/python3
[1.985s] -- Using PYTHON_INCLUDE_DIRS: /usr/include/python3.10
[1.985s] -- Using PYTHON_LIBRARIES: /usr/lib/x86_64-linux-gnu/libpython3.10.so
[2.005s] -- Found PythonExtra: .so  
[2.031s] -- Found ament_lint_auto: 0.12.11 (/opt/ros/humble/share/ament_lint_auto/cmake)
[2.041s] -- Added test 'lint_cmake' to check CMake code style
[2.042s] -- Added test 'xmllint' to check XML markup files
[2.043s] -- Configuring done (2.0s)
[2.060s] -- Generating done (0.0s)
[2.062s] -- Build files have been written to: /home/luna/2025-vision-training-master (1)/2025-vision-training-master/homework4/ros_ws/build/div_interface
[2.071s] Invoked command in '/home/luna/2025-vision-training-master (1)/2025-vision-training-master/homework4/ros_ws/build/div_interface' returned '0': CMAKE_PREFIX_PATH=/opt/ros/humble /usr/bin/cmake /home/luna/2025-vision-training-master (1)/2025-vision-training-master/homework4/ros_ws/src/divide_interface -DCMAKE_INSTALL_PREFIX=/home/luna/2025-vision-training-master (1)/2025-vision-training-master/homework4/ros_ws/install/div_interface
[2.072s] Invoking command in '/home/luna/2025-vision-training-master (1)/2025-vision-training-master/homework4/ros_ws/build/div_interface': CMAKE_PREFIX_PATH=/opt/ros/humble /usr/bin/cmake --build /home/luna/2025-vision-training-master (1)/2025-vision-training-master/homework4/ros_ws/build/div_interface -- -j32 -l32
[2.091s] [  3%] [34m[1mGenerating C code for ROS interfaces[0m
[2.094s] /bin/sh: 1: Syntax error: "(" unexpected
[2.095s] gmake[2]: *** [CMakeFiles/ament_cmake_python_copy_div_interface.dir/build.make:70: CMakeFiles/ament_cmake_python_copy_div_interface] Error 2
[2.095s] gmake[1]: *** [CMakeFiles/Makefile2:421: CMakeFiles/ament_cmake_python_copy_div_interface.dir/all] Error 2
[2.095s] gmake[1]: *** Waiting for unfinished jobs....
[2.096s] [  6%] [34m[1mGenerating C++ code for ROS interfaces[0m
[2.256s] [  6%] Built target div_interface__cpp
[2.260s] [  9%] [32mBuilding C object CMakeFiles/div_interface__rosidl_generator_c.dir/rosidl_generator_c/div_interface/srv/detail/divide__functions.c.o[0m
[2.306s] [ 12%] [32m[1mLinking C shared library libdiv_interface__rosidl_generator_c.so[0m
[2.333s] [ 12%] Built target div_interface__rosidl_generator_c
[2.334s] gmake: *** [Makefile:146: all] Error 2
[2.336s] Invoked command in '/home/luna/2025-vision-training-master (1)/2025-vision-training-master/homework4/ros_ws/build/div_interface' returned '2': CMAKE_PREFIX_PATH=/opt/ros/humble /usr/bin/cmake --build /home/luna/2025-vision-training-master (1)/2025-vision-training-master/homework4/ros_ws/build/div_interface -- -j32 -l32
