[0.008s] Invoking command in '/home/luna/2025-vision-training-master (1)/2025-vision-training-master/homework4/ros_ws/build/example_service_rclcpp': CMAKE_PREFIX_PATH=/opt/ros/humble /usr/bin/cmake --build /home/luna/2025-vision-training-master (1)/2025-vision-training-master/homework4/ros_ws/build/example_service_rclcpp -- -j32 -l32
[0.022s] -- Found ament_cmake: 1.3.10 (/opt/ros/humble/share/ament_cmake/cmake)
[0.194s] -- Found rosidl_default_generators: 1.2.0 (/opt/ros/humble/share/rosidl_default_generators/cmake)
[0.196s] -- Using all available rosidl_typesupport_c: rosidl_typesupport_fastrtps_c;rosidl_typesupport_introspection_c
[0.200s] -- Found rosidl_adapter: 3.1.5 (/opt/ros/humble/share/rosidl_adapter/cmake)
[0.227s] -- Using all available rosidl_typesupport_cpp: rosidl_typesupport_fastrtps_cpp;rosidl_typesupport_introspection_cpp
[0.248s] -- Found rclcpp: 16.0.10 (/opt/ros/humble/share/rclcpp/cmake)
[0.280s] -- Found rmw_implementation_cmake: 6.1.2 (/opt/ros/humble/share/rmw_implementation_cmake/cmake)
[0.280s] -- Found rmw_fastrtps_cpp: 6.2.7 (/opt/ros/humble/share/rmw_fastrtps_cpp/cmake)
[0.356s] -- Using RMW implementation 'rmw_fastrtps_cpp' as default
[0.738s] -- Found ament_cmake_ros: 0.10.0 (/opt/ros/humble/share/ament_cmake_ros/cmake)
[1.092s] -- Using all available rosidl_typesupport_c: rosidl_typesupport_fastrtps_c;rosidl_typesupport_introspection_c
[1.568s] -- Using all available rosidl_typesupport_cpp: rosidl_typesupport_fastrtps_cpp;rosidl_typesupport_introspection_cpp
[1.571s] [33mCMake Warning (dev) at /opt/ros/humble/share/rosidl_generator_py/cmake/rosidl_generator_py_generate_interfaces.cmake:20 (find_package):
[1.571s]   Policy CMP0148 is not set: The FindPythonInterp and FindPythonLibs modules
[1.571s]   are removed.  Run "cmake --help-policy CMP0148" for policy details.  Use
[1.571s]   the cmake_policy command to set the policy and suppress this warning.
[1.571s] 
[1.571s] Call Stack (most recent call first):
[1.571s]   /opt/ros/humble/share/ament_cmake_core/cmake/core/ament_execute_extensions.cmake:48 (include)
[1.571s]   /opt/ros/humble/share/rosidl_cmake/cmake/rosidl_generate_interfaces.cmake:286 (ament_execute_extensions)
[1.571s]   CMakeLists.txt:22 (rosidl_generate_interfaces)
[1.571s] This warning is for project developers.  Use -Wno-dev to suppress it.
[1.571s] [0m
[1.589s] -- Found python_cmake_module: 0.10.0 (/opt/ros/humble/share/python_cmake_module/cmake)
[1.590s] [33mCMake Warning (dev) at /opt/ros/humble/share/python_cmake_module/cmake/Modules/FindPythonExtra.cmake:52 (find_package):
[1.590s]   Policy CMP0148 is not set: The FindPythonInterp and FindPythonLibs modules
[1.590s]   are removed.  Run "cmake --help-policy CMP0148" for policy details.  Use
[1.590s]   the cmake_policy command to set the policy and suppress this warning.
[1.590s] 
[1.590s] Call Stack (most recent call first):
[1.590s]   /opt/ros/humble/share/rosidl_generator_py/cmake/rosidl_generator_py_generate_interfaces.cmake:23 (find_package)
[1.590s]   /opt/ros/humble/share/ament_cmake_core/cmake/core/ament_execute_extensions.cmake:48 (include)
[1.590s]   /opt/ros/humble/share/rosidl_cmake/cmake/rosidl_generate_interfaces.cmake:286 (ament_execute_extensions)
[1.590s]   CMakeLists.txt:22 (rosidl_generate_interfaces)
[1.590s] This warning is for project developers.  Use -Wno-dev to suppress it.
[1.590s] [0m
[1.608s] [33mCMake Warning (dev) at /opt/ros/humble/share/python_cmake_module/cmake/Modules/FindPythonExtra.cmake:140 (find_package):
[1.608s]   Policy CMP0148 is not set: The FindPythonInterp and FindPythonLibs modules
[1.608s]   are removed.  Run "cmake --help-policy CMP0148" for policy details.  Use
[1.608s]   the cmake_policy command to set the policy and suppress this warning.
[1.608s] 
[1.608s] Call Stack (most recent call first):
[1.608s]   /opt/ros/humble/share/rosidl_generator_py/cmake/rosidl_generator_py_generate_interfaces.cmake:23 (find_package)
[1.608s]   /opt/ros/humble/share/ament_cmake_core/cmake/core/ament_execute_extensions.cmake:48 (include)
[1.608s]   /opt/ros/humble/share/rosidl_cmake/cmake/rosidl_generate_interfaces.cmake:286 (ament_execute_extensions)
[1.608s]   CMakeLists.txt:22 (rosidl_generate_interfaces)
[1.608s] This warning is for project developers.  Use -Wno-dev to suppress it.
[1.608s] [0m
[1.609s] -- Using PYTHON_EXECUTABLE: /usr/bin/python3
[1.609s] -- Using PYTHON_INCLUDE_DIRS: /usr/include/python3.10
[1.609s] -- Using PYTHON_LIBRARIES: /usr/lib/x86_64-linux-gnu/libpython3.10.so
[1.621s] -- Found ament_lint_auto: 0.12.11 (/opt/ros/humble/share/ament_lint_auto/cmake)
[1.627s] -- Added test 'cppcheck' to perform static code analysis on C / C++ code
[1.627s] -- Configured cppcheck include dirs: 
[1.627s] -- Configured cppcheck exclude dirs and/or files: 
[1.628s] -- Added test 'lint_cmake' to check CMake code style
[1.628s] -- Added test 'uncrustify' to check C / C++ code style
[1.628s] -- Configured uncrustify additional arguments: 
[1.628s] -- Added test 'xmllint' to check XML markup files
[1.630s] -- Configuring done (1.6s)
[1.652s] -- Generating done (0.0s)
[1.654s] -- Build files have been written to: /home/luna/2025-vision-training-master (1)/2025-vision-training-master/homework4/ros_ws/build/example_service_rclcpp
[1.671s] /bin/sh: 1: Syntax error: "(" unexpected
[1.671s] gmake[2]: *** [CMakeFiles/ament_cmake_python_copy_example_service_rclcpp.dir/build.make:70: CMakeFiles/ament_cmake_python_copy_example_service_rclcpp] Error 2
[1.671s] gmake[1]: *** [CMakeFiles/Makefile2:425: CMakeFiles/ament_cmake_python_copy_example_service_rclcpp.dir/all] Error 2
[1.671s] gmake[1]: *** Waiting for unfinished jobs....
[1.671s] [  2%] Built target example_service_rclcpp__cpp
[1.672s] [  5%] [32mBuilding CXX object CMakeFiles/server.dir/src/server.cpp.o[0m
[1.672s] [ 14%] Built target example_service_rclcpp__rosidl_generator_c
[1.678s] [ 20%] Built target client
[1.782s] [01m[K/home/luna/2025-vision-training-master (1)/2025-vision-training-master/homework4/ros_ws/src/example_service_rclcpp/src/server.cpp:3:10:[m[K [01;31m[Kfatal error: [m[Kexample_service_rclcpp/srv/divide.hpp: No such file or directory
[1.782s]     3 | #include [01;31m[K"example_service_rclcpp/srv/divide.hpp"[m[K  // Adjust according to your package name
[1.782s]       |          [01;31m[K^~~~~~~~~~~~~~~~~~~~~~~~~~~~~~~~~~~~~~~[m[K
[1.782s] compilation terminated.
[1.786s] gmake[2]: *** [CMakeFiles/server.dir/build.make:76: CMakeFiles/server.dir/src/server.cpp.o] Error 1
[1.786s] gmake[1]: *** [CMakeFiles/Makefile2:620: CMakeFiles/server.dir/all] Error 2
[1.786s] gmake: *** [Makefile:146: all] Error 2
[1.788s] Invoked command in '/home/luna/2025-vision-training-master (1)/2025-vision-training-master/homework4/ros_ws/build/example_service_rclcpp' returned '2': CMAKE_PREFIX_PATH=/opt/ros/humble /usr/bin/cmake --build /home/luna/2025-vision-training-master (1)/2025-vision-training-master/homework4/ros_ws/build/example_service_rclcpp -- -j32 -l32
