[0.009s] Invoking command in '/home/luna/2025-vision-training-master (1)/2025-vision-training-master/homework4/ros_ws/build/example_service_rclcpp': CMAKE_PREFIX_PATH=/opt/ros/humble /usr/bin/cmake --build /home/luna/2025-vision-training-master (1)/2025-vision-training-master/homework4/ros_ws/build/example_service_rclcpp -- -j32 -l32
[0.030s] -- Found ament_cmake: 1.3.10 (/opt/ros/humble/share/ament_cmake/cmake)
[0.233s] -- Found rclcpp: 16.0.10 (/opt/ros/humble/share/rclcpp/cmake)
[0.256s] -- Found rosidl_generator_c: 3.1.5 (/opt/ros/humble/share/rosidl_generator_c/cmake)
[0.259s] -- Found rosidl_adapter: 3.1.5 (/opt/ros/humble/share/rosidl_adapter/cmake)
[0.264s] -- Found rosidl_generator_cpp: 3.1.5 (/opt/ros/humble/share/rosidl_generator_cpp/cmake)
[0.272s] -- Using all available rosidl_typesupport_c: rosidl_typesupport_fastrtps_c;rosidl_typesupport_introspection_c
[0.283s] -- Using all available rosidl_typesupport_cpp: rosidl_typesupport_fastrtps_cpp;rosidl_typesupport_introspection_cpp
[0.313s] -- Found rmw_implementation_cmake: 6.1.2 (/opt/ros/humble/share/rmw_implementation_cmake/cmake)
[0.314s] -- Found rmw_fastrtps_cpp: 6.2.7 (/opt/ros/humble/share/rmw_fastrtps_cpp/cmake)
[0.396s] -- Using RMW implementation 'rmw_fastrtps_cpp' as default
[0.445s] -- Found rosidl_default_generators: 1.2.0 (/opt/ros/humble/share/rosidl_default_generators/cmake)
[0.779s] -- Found ament_cmake_ros: 0.10.0 (/opt/ros/humble/share/ament_cmake_ros/cmake)
[1.362s] -- Using all available rosidl_typesupport_c: rosidl_typesupport_fastrtps_c;rosidl_typesupport_introspection_c
[1.601s] -- Using all available rosidl_typesupport_cpp: rosidl_typesupport_fastrtps_cpp;rosidl_typesupport_introspection_cpp
[1.603s] [33mCMake Warning (dev) at /opt/ros/humble/share/rosidl_generator_py/cmake/rosidl_generator_py_generate_interfaces.cmake:20 (find_package):
[1.603s]   Policy CMP0148 is not set: The FindPythonInterp and FindPythonLibs modules
[1.603s]   are removed.  Run "cmake --help-policy CMP0148" for policy details.  Use
[1.603s]   the cmake_policy command to set the policy and suppress this warning.
[1.603s] 
[1.603s] Call Stack (most recent call first):
[1.603s]   /opt/ros/humble/share/ament_cmake_core/cmake/core/ament_execute_extensions.cmake:48 (include)
[1.603s]   /opt/ros/humble/share/rosidl_cmake/cmake/rosidl_generate_interfaces.cmake:286 (ament_execute_extensions)
[1.603s]   CMakeLists.txt:9 (rosidl_generate_interfaces)
[1.603s] This warning is for project developers.  Use -Wno-dev to suppress it.
[1.603s] [0m
[1.617s] -- Found python_cmake_module: 0.10.0 (/opt/ros/humble/share/python_cmake_module/cmake)
[1.618s] [33mCMake Warning (dev) at /opt/ros/humble/share/python_cmake_module/cmake/Modules/FindPythonExtra.cmake:52 (find_package):
[1.618s]   Policy CMP0148 is not set: The FindPythonInterp and FindPythonLibs modules
[1.618s]   are removed.  Run "cmake --help-policy CMP0148" for policy details.  Use
[1.618s]   the cmake_policy command to set the policy and suppress this warning.
[1.618s] 
[1.618s] Call Stack (most recent call first):
[1.618s]   /opt/ros/humble/share/rosidl_generator_py/cmake/rosidl_generator_py_generate_interfaces.cmake:23 (find_package)
[1.618s]   /opt/ros/humble/share/ament_cmake_core/cmake/core/ament_execute_extensions.cmake:48 (include)
[1.618s]   /opt/ros/humble/share/rosidl_cmake/cmake/rosidl_generate_interfaces.cmake:286 (ament_execute_extensions)
[1.618s]   CMakeLists.txt:9 (rosidl_generate_interfaces)
[1.618s] This warning is for project developers.  Use -Wno-dev to suppress it.
[1.618s] [0m
[1.635s] [33mCMake Warning (dev) at /opt/ros/humble/share/python_cmake_module/cmake/Modules/FindPythonExtra.cmake:140 (find_package):
[1.635s]   Policy CMP0148 is not set: The FindPythonInterp and FindPythonLibs modules
[1.635s]   are removed.  Run "cmake --help-policy CMP0148" for policy details.  Use
[1.635s]   the cmake_policy command to set the policy and suppress this warning.
[1.635s] 
[1.635s] Call Stack (most recent call first):
[1.635s]   /opt/ros/humble/share/rosidl_generator_py/cmake/rosidl_generator_py_generate_interfaces.cmake:23 (find_package)
[1.635s]   /opt/ros/humble/share/ament_cmake_core/cmake/core/ament_execute_extensions.cmake:48 (include)
[1.635s]   /opt/ros/humble/share/rosidl_cmake/cmake/rosidl_generate_interfaces.cmake:286 (ament_execute_extensions)
[1.635s]   CMakeLists.txt:9 (rosidl_generate_interfaces)
[1.636s] This warning is for project developers.  Use -Wno-dev to suppress it.
[1.636s] [0m
[1.637s] -- Using PYTHON_EXECUTABLE: /usr/bin/python3
[1.637s] -- Using PYTHON_INCLUDE_DIRS: /usr/include/python3.10
[1.637s] -- Using PYTHON_LIBRARIES: /usr/lib/x86_64-linux-gnu/libpython3.10.so
[1.650s] -- Configuring done (1.6s)
[1.671s] -- Generating done (0.0s)
[1.673s] -- Build files have been written to: /home/luna/2025-vision-training-master (1)/2025-vision-training-master/homework4/ros_ws/build/example_service_rclcpp
[1.690s] /bin/sh: 1: Syntax error: "(" unexpected
[1.690s] gmake[2]: *** [CMakeFiles/ament_cmake_python_copy_example_service_rclcpp.dir/build.make:70: CMakeFiles/ament_cmake_python_copy_example_service_rclcpp] Error 2
[1.690s] gmake[1]: *** [CMakeFiles/Makefile2:423: CMakeFiles/ament_cmake_python_copy_example_service_rclcpp.dir/all] Error 2
[1.690s] gmake[1]: *** Waiting for unfinished jobs....
[1.691s] [  3%] Built target example_service_rclcpp__cpp
[1.692s] [  9%] [32mBuilding C object CMakeFiles/example_service_rclcpp__rosidl_generator_c.dir/rosidl_generator_c/example_service_rclcpp/srv/detail/divide__functions.c.o[0m
[1.692s] [  9%] [32mBuilding CXX object CMakeFiles/divide_service.dir/src/divide_service.cpp.o[0m
[1.738s] [ 12%] [32m[1mLinking C shared library libexample_service_rclcpp__rosidl_generator_c.so[0m
[1.757s] [ 15%] Built target example_service_rclcpp__rosidl_generator_c
[1.809s] [01m[K/home/luna/2025-vision-training-master (1)/2025-vision-training-master/homework4/ros_ws/src/example_service_rclcpp/src/divide_service.cpp:3:51:[m[K [01;35m[Kwarning: [m[Kextra tokens at end of #include directive
[1.809s]     3 | #include "example_service_rclcpp/srv/divide.hpp"  [01;35m[Ks[m[K // Adjust according to your package name
[1.809s]       |                                                   [01;35m[K^[m[K
[1.809s] [01m[K/home/luna/2025-vision-training-master (1)/2025-vision-training-master/homework4/ros_ws/src/example_service_rclcpp/src/divide_service.cpp:3:10:[m[K [01;31m[Kfatal error: [m[Kexample_service_rclcpp/srv/divide.hpp: No such file or directory
[1.810s]     3 | #include [01;31m[K"example_service_rclcpp/srv/divide.hpp"[m[K  s // Adjust according to your package name
[1.810s]       |          [01;31m[K^~~~~~~~~~~~~~~~~~~~~~~~~~~~~~~~~~~~~~~[m[K
[1.810s] compilation terminated.
[1.811s] gmake[2]: *** [CMakeFiles/divide_service.dir/build.make:76: CMakeFiles/divide_service.dir/src/divide_service.cpp.o] Error 1
[1.811s] gmake[1]: *** [CMakeFiles/Makefile2:592: CMakeFiles/divide_service.dir/all] Error 2
[1.812s] gmake: *** [Makefile:146: all] Error 2
[1.814s] Invoked command in '/home/luna/2025-vision-training-master (1)/2025-vision-training-master/homework4/ros_ws/build/example_service_rclcpp' returned '2': CMAKE_PREFIX_PATH=/opt/ros/humble /usr/bin/cmake --build /home/luna/2025-vision-training-master (1)/2025-vision-training-master/homework4/ros_ws/build/example_service_rclcpp -- -j32 -l32
