[0.007s] Invoking command in '/home/luna/2025-vision-training-master (1)/2025-vision-training-master/homework4/ros_ws/build/divide_interface': CMAKE_PREFIX_PATH=/opt/ros/humble /usr/bin/cmake --build /home/luna/2025-vision-training-master (1)/2025-vision-training-master/homework4/ros_ws/build/divide_interface -- -j32 -l32
[0.022s] -- Found ament_cmake: 1.3.10 (/opt/ros/humble/share/ament_cmake/cmake)
[0.189s] -- Found rclcpp: 16.0.10 (/opt/ros/humble/share/rclcpp/cmake)
[0.216s] -- Found rosidl_generator_c: 3.1.5 (/opt/ros/humble/share/rosidl_generator_c/cmake)
[0.219s] -- Found rosidl_adapter: 3.1.5 (/opt/ros/humble/share/rosidl_adapter/cmake)
[0.224s] -- Found rosidl_generator_cpp: 3.1.5 (/opt/ros/humble/share/rosidl_generator_cpp/cmake)
[0.234s] -- Using all available rosidl_typesupport_c: rosidl_typesupport_fastrtps_c;rosidl_typesupport_introspection_c
[0.247s] -- Using all available rosidl_typesupport_cpp: rosidl_typesupport_fastrtps_cpp;rosidl_typesupport_introspection_cpp
[0.282s] -- Found rmw_implementation_cmake: 6.1.2 (/opt/ros/humble/share/rmw_implementation_cmake/cmake)
[0.283s] -- Found rmw_fastrtps_cpp: 6.2.7 (/opt/ros/humble/share/rmw_fastrtps_cpp/cmake)
[0.365s] -- Using RMW implementation 'rmw_fastrtps_cpp' as default
[0.419s] -- Found rosidl_default_generators: 1.2.0 (/opt/ros/humble/share/rosidl_default_generators/cmake)
[0.776s] -- Found ament_cmake_ros: 0.10.0 (/opt/ros/humble/share/ament_cmake_ros/cmake)
[1.397s] -- Using all available rosidl_typesupport_c: rosidl_typesupport_fastrtps_c;rosidl_typesupport_introspection_c
[1.657s] -- Using all available rosidl_typesupport_cpp: rosidl_typesupport_fastrtps_cpp;rosidl_typesupport_introspection_cpp
[1.659s] [33mCMake Warning (dev) at /opt/ros/humble/share/rosidl_generator_py/cmake/rosidl_generator_py_generate_interfaces.cmake:20 (find_package):
[1.659s]   Policy CMP0148 is not set: The FindPythonInterp and FindPythonLibs modules
[1.659s]   are removed.  Run "cmake --help-policy CMP0148" for policy details.  Use
[1.659s]   the cmake_policy command to set the policy and suppress this warning.
[1.659s] 
[1.659s] Call Stack (most recent call first):
[1.659s]   /opt/ros/humble/share/ament_cmake_core/cmake/core/ament_execute_extensions.cmake:48 (include)
[1.659s]   /opt/ros/humble/share/rosidl_cmake/cmake/rosidl_generate_interfaces.cmake:286 (ament_execute_extensions)
[1.659s]   CMakeLists.txt:17 (rosidl_generate_interfaces)
[1.659s] This warning is for project developers.  Use -Wno-dev to suppress it.
[1.659s] [0m
[1.676s] -- Found python_cmake_module: 0.10.0 (/opt/ros/humble/share/python_cmake_module/cmake)
[1.676s] [33mCMake Warning (dev) at /opt/ros/humble/share/python_cmake_module/cmake/Modules/FindPythonExtra.cmake:52 (find_package):
[1.676s]   Policy CMP0148 is not set: The FindPythonInterp and FindPythonLibs modules
[1.676s]   are removed.  Run "cmake --help-policy CMP0148" for policy details.  Use
[1.676s]   the cmake_policy command to set the policy and suppress this warning.
[1.676s] 
[1.676s] Call Stack (most recent call first):
[1.676s]   /opt/ros/humble/share/rosidl_generator_py/cmake/rosidl_generator_py_generate_interfaces.cmake:23 (find_package)
[1.676s]   /opt/ros/humble/share/ament_cmake_core/cmake/core/ament_execute_extensions.cmake:48 (include)
[1.676s]   /opt/ros/humble/share/rosidl_cmake/cmake/rosidl_generate_interfaces.cmake:286 (ament_execute_extensions)
[1.676s]   CMakeLists.txt:17 (rosidl_generate_interfaces)
[1.676s] This warning is for project developers.  Use -Wno-dev to suppress it.
[1.676s] [0m
[1.694s] [33mCMake Warning (dev) at /opt/ros/humble/share/python_cmake_module/cmake/Modules/FindPythonExtra.cmake:140 (find_package):
[1.694s]   Policy CMP0148 is not set: The FindPythonInterp and FindPythonLibs modules
[1.694s]   are removed.  Run "cmake --help-policy CMP0148" for policy details.  Use
[1.694s]   the cmake_policy command to set the policy and suppress this warning.
[1.694s] 
[1.694s] Call Stack (most recent call first):
[1.694s]   /opt/ros/humble/share/rosidl_generator_py/cmake/rosidl_generator_py_generate_interfaces.cmake:23 (find_package)
[1.694s]   /opt/ros/humble/share/ament_cmake_core/cmake/core/ament_execute_extensions.cmake:48 (include)
[1.694s]   /opt/ros/humble/share/rosidl_cmake/cmake/rosidl_generate_interfaces.cmake:286 (ament_execute_extensions)
[1.694s]   CMakeLists.txt:17 (rosidl_generate_interfaces)
[1.694s] This warning is for project developers.  Use -Wno-dev to suppress it.
[1.694s] [0m
[1.696s] -- Using PYTHON_EXECUTABLE: /usr/bin/python3
[1.696s] -- Using PYTHON_INCLUDE_DIRS: /usr/include/python3.10
[1.697s] -- Using PYTHON_LIBRARIES: /usr/lib/x86_64-linux-gnu/libpython3.10.so
[1.709s] -- Found ament_lint_auto: 0.12.11 (/opt/ros/humble/share/ament_lint_auto/cmake)
[1.716s] -- Added test 'lint_cmake' to check CMake code style
[1.717s] -- Added test 'xmllint' to check XML markup files
[1.718s] -- Configuring done (1.7s)
[1.739s] -- Generating done (0.0s)
[1.742s] -- Build files have been written to: /home/luna/2025-vision-training-master (1)/2025-vision-training-master/homework4/ros_ws/build/divide_interface
[1.759s] /bin/sh: 1: Syntax error: "(" unexpected
[1.759s] gmake[2]: *** [CMakeFiles/ament_cmake_python_copy_divide_interface.dir/build.make:70: CMakeFiles/ament_cmake_python_copy_divide_interface] Error 2
[1.760s] gmake[1]: *** [CMakeFiles/Makefile2:421: CMakeFiles/ament_cmake_python_copy_divide_interface.dir/all] Error 2
[1.760s] gmake[1]: *** Waiting for unfinished jobs....
[1.760s] [  3%] Built target divide_interface__cpp
[1.761s] [ 12%] Built target divide_interface__rosidl_generator_c
[1.762s] gmake: *** [Makefile:146: all] Error 2
[1.765s] Invoked command in '/home/luna/2025-vision-training-master (1)/2025-vision-training-master/homework4/ros_ws/build/divide_interface' returned '2': CMAKE_PREFIX_PATH=/opt/ros/humble /usr/bin/cmake --build /home/luna/2025-vision-training-master (1)/2025-vision-training-master/homework4/ros_ws/build/divide_interface -- -j32 -l32
