[01m[K/home/luna/2025-vision-training-master/2025-vision-training-master/homework4/ros_ws/src/divide_package/src/client.cpp:[m[K In constructor â€˜[01m[KDivideClientNode::DivideClientNode(int, int)[m[Kâ€™:
[01m[K/home/luna/2025-vision-training-master/2025-vision-training-master/homework4/ros_ws/src/divide_package/src/client.cpp:32:17:[m[K [01;31m[Kerror: [m[Kâ€˜[01m[Kclient[m[Kâ€™ was not declared in this scope; did you mean â€˜[01m[Kclient_[m[Kâ€™?
   32 |         while (![01;31m[Kclient[m[K->wait_for_service(1s)) {
      |                 [01;31m[K^~~~~~[m[K
      |                 [32m[Kclient_[m[K
[01m[K/home/luna/2025-vision-training-master/2025-vision-training-master/homework4/ros_ws/src/divide_package/src/client.cpp:35:20:[m[K [01;31m[Kerror: [m[Kreturning a value from a constructor
   35 |             return [01;31m[K0[m[K;
      |                    [01;31m[K^[m[K
[01m[K/home/luna/2025-vision-training-master/2025-vision-training-master/homework4/ros_ws/src/divide_package/src/client.cpp:40:30:[m[K [01;31m[Kerror: [m[Kâ€˜[01m[Kclient[m[Kâ€™ was not declared in this scope; did you mean â€˜[01m[Kclient_[m[Kâ€™?
   40 |         auto result_future = [01;31m[Kclient[m[K->async_send_request(request);
      |                              [01;31m[K^~~~~~[m[K
      |                              [32m[Kclient_[m[K
[01m[K/home/luna/2025-vision-training-master/2025-vision-training-master/homework4/ros_ws/src/divide_package/src/client.cpp:42:48:[m[K [01;31m[Kerror: [m[Kâ€˜[01m[Knode[m[Kâ€™ was not declared in this scope; did you mean â€˜[01m[KNode[m[Kâ€™?
   42 |         if (rclcpp::spin_until_future_complete([01;31m[Knode[m[K, result_future) ==
      |                                                [01;31m[K^~~~[m[K
      |                                                [32m[KNode[m[K
gmake[2]: *** [CMakeFiles/client.dir/build.make:76: CMakeFiles/client.dir/src/client.cpp.o] Error 1
gmake[1]: *** [CMakeFiles/Makefile2:165: CMakeFiles/client.dir/all] Error 2
gmake: *** [Makefile:146: all] Error 2
