[0.008s] Invoking command in '/home/luna/2025-vision-training-master (1)/2025-vision-training-master/homework4/ros_ws/build/example_service_rclcpp': CMAKE_PREFIX_PATH=/opt/ros/humble /usr/bin/cmake --build /home/luna/2025-vision-training-master (1)/2025-vision-training-master/homework4/ros_ws/build/example_service_rclcpp -- -j32 -l32
[0.021s] -- Found ament_cmake: 1.3.10 (/opt/ros/humble/share/ament_cmake/cmake)
[0.189s] -- Found rosidl_default_generators: 1.2.0 (/opt/ros/humble/share/rosidl_default_generators/cmake)
[0.190s] -- Using all available rosidl_typesupport_c: rosidl_typesupport_fastrtps_c;rosidl_typesupport_introspection_c
[0.192s] -- Found rosidl_adapter: 3.1.5 (/opt/ros/humble/share/rosidl_adapter/cmake)
[0.217s] -- Using all available rosidl_typesupport_cpp: rosidl_typesupport_fastrtps_cpp;rosidl_typesupport_introspection_cpp
[0.238s] -- Found rclcpp: 16.0.10 (/opt/ros/humble/share/rclcpp/cmake)
[0.270s] -- Found rmw_implementation_cmake: 6.1.2 (/opt/ros/humble/share/rmw_implementation_cmake/cmake)
[0.271s] -- Found rmw_fastrtps_cpp: 6.2.7 (/opt/ros/humble/share/rmw_fastrtps_cpp/cmake)
[0.347s] -- Using RMW implementation 'rmw_fastrtps_cpp' as default
[0.750s] -- Found ament_cmake_ros: 0.10.0 (/opt/ros/humble/share/ament_cmake_ros/cmake)
[1.149s] -- Using all available rosidl_typesupport_c: rosidl_typesupport_fastrtps_c;rosidl_typesupport_introspection_c
[1.687s] -- Using all available rosidl_typesupport_cpp: rosidl_typesupport_fastrtps_cpp;rosidl_typesupport_introspection_cpp
[1.694s] [33mCMake Warning (dev) at /opt/ros/humble/share/rosidl_generator_py/cmake/rosidl_generator_py_generate_interfaces.cmake:20 (find_package):
[1.694s]   Policy CMP0148 is not set: The FindPythonInterp and FindPythonLibs modules
[1.694s]   are removed.  Run "cmake --help-policy CMP0148" for policy details.  Use
[1.694s]   the cmake_policy command to set the policy and suppress this warning.
[1.694s] 
[1.694s] Call Stack (most recent call first):
[1.694s]   /opt/ros/humble/share/ament_cmake_core/cmake/core/ament_execute_extensions.cmake:48 (include)
[1.694s]   /opt/ros/humble/share/rosidl_cmake/cmake/rosidl_generate_interfaces.cmake:286 (ament_execute_extensions)
[1.695s]   CMakeLists.txt:19 (rosidl_generate_interfaces)
[1.695s] This warning is for project developers.  Use -Wno-dev to suppress it.
[1.695s] [0m
[1.713s] -- Found PythonInterp: /usr/bin/python3 (found suitable version "3.10.12", minimum required is "3.6") 
[1.714s] -- Found python_cmake_module: 0.10.0 (/opt/ros/humble/share/python_cmake_module/cmake)
[1.715s] [33mCMake Warning (dev) at /opt/ros/humble/share/python_cmake_module/cmake/Modules/FindPythonExtra.cmake:52 (find_package):
[1.715s]   Policy CMP0148 is not set: The FindPythonInterp and FindPythonLibs modules
[1.715s]   are removed.  Run "cmake --help-policy CMP0148" for policy details.  Use
[1.715s]   the cmake_policy command to set the policy and suppress this warning.
[1.715s] 
[1.715s] Call Stack (most recent call first):
[1.715s]   /opt/ros/humble/share/rosidl_generator_py/cmake/rosidl_generator_py_generate_interfaces.cmake:23 (find_package)
[1.715s]   /opt/ros/humble/share/ament_cmake_core/cmake/core/ament_execute_extensions.cmake:48 (include)
[1.715s]   /opt/ros/humble/share/rosidl_cmake/cmake/rosidl_generate_interfaces.cmake:286 (ament_execute_extensions)
[1.715s]   CMakeLists.txt:19 (rosidl_generate_interfaces)
[1.715s] This warning is for project developers.  Use -Wno-dev to suppress it.
[1.716s] [0m
[1.734s] [33mCMake Warning (dev) at /opt/ros/humble/share/python_cmake_module/cmake/Modules/FindPythonExtra.cmake:140 (find_package):
[1.734s]   Policy CMP0148 is not set: The FindPythonInterp and FindPythonLibs modules
[1.734s]   are removed.  Run "cmake --help-policy CMP0148" for policy details.  Use
[1.734s]   the cmake_policy command to set the policy and suppress this warning.
[1.734s] 
[1.734s] Call Stack (most recent call first):
[1.734s]   /opt/ros/humble/share/rosidl_generator_py/cmake/rosidl_generator_py_generate_interfaces.cmake:23 (find_package)
[1.734s]   /opt/ros/humble/share/ament_cmake_core/cmake/core/ament_execute_extensions.cmake:48 (include)
[1.734s]   /opt/ros/humble/share/rosidl_cmake/cmake/rosidl_generate_interfaces.cmake:286 (ament_execute_extensions)
[1.734s]   CMakeLists.txt:19 (rosidl_generate_interfaces)
[1.735s] This warning is for project developers.  Use -Wno-dev to suppress it.
[1.735s] [0m
[1.741s] -- Found PythonLibs: /usr/lib/x86_64-linux-gnu/libpython3.10.so (found suitable version "3.10.12", minimum required is "3.5") 
[1.741s] -- Using PYTHON_EXECUTABLE: /usr/bin/python3
[1.741s] -- Using PYTHON_INCLUDE_DIRS: /usr/include/python3.10
[1.741s] -- Using PYTHON_LIBRARIES: /usr/lib/x86_64-linux-gnu/libpython3.10.so
[1.764s] -- Found PythonExtra: .so  
[1.796s] -- Found ament_lint_auto: 0.12.11 (/opt/ros/humble/share/ament_lint_auto/cmake)
[1.804s] -- Added test 'cppcheck' to perform static code analysis on C / C++ code
[1.804s] -- Configured cppcheck include dirs: 
[1.805s] -- Configured cppcheck exclude dirs and/or files: 
[1.805s] -- Added test 'lint_cmake' to check CMake code style
[1.805s] -- Added test 'uncrustify' to check C / C++ code style
[1.805s] -- Configured uncrustify additional arguments: 
[1.805s] -- Added test 'xmllint' to check XML markup files
[1.807s] -- Configuring done (1.8s)
[1.832s] -- Generating done (0.0s)
[1.834s] -- Build files have been written to: /home/luna/2025-vision-training-master (1)/2025-vision-training-master/homework4/ros_ws/build/example_service_rclcpp
[1.850s] [  2%] [34m[1mGenerating C code for ROS interfaces[0m
[1.852s] /bin/sh: 1: Syntax error: "(" unexpected
[1.853s] gmake[2]: *** [CMakeFiles/ament_cmake_python_copy_example_service_rclcpp.dir/build.make:70: CMakeFiles/ament_cmake_python_copy_example_service_rclcpp] Error 2
[1.853s] gmake[1]: *** [CMakeFiles/Makefile2:425: CMakeFiles/ament_cmake_python_copy_example_service_rclcpp.dir/all] Error 2
[1.853s] gmake[1]: *** Waiting for unfinished jobs....
[1.854s] [  5%] [34m[1mGenerating C++ code for ROS interfaces[0m
[1.856s] [  8%] [32mBuilding CXX object CMakeFiles/server.dir/src/server.cpp.o[0m
[1.864s] [ 11%] [32mBuilding CXX object CMakeFiles/client.dir/src/client.cpp.o[0m
[1.992s] [01m[K/home/luna/2025-vision-training-master (1)/2025-vision-training-master/homework4/ros_ws/src/example_service_rclcpp/src/server.cpp:3:10:[m[K [01;31m[Kfatal error: [m[Kexample_service_rclcpp/srv/Divide.hpp: No such file or directory
[1.992s]     3 | #include [01;31m[K"example_service_rclcpp/srv/Divide.hpp"[m[K  // Adjust according to your package name
[1.992s]       |          [01;31m[K^~~~~~~~~~~~~~~~~~~~~~~~~~~~~~~~~~~~~~~[m[K
[1.992s] compilation terminated.
[1.994s] gmake[2]: *** [CMakeFiles/server.dir/build.make:76: CMakeFiles/server.dir/src/server.cpp.o] Error 1
[1.994s] gmake[1]: *** [CMakeFiles/Makefile2:620: CMakeFiles/server.dir/all] Error 2
[2.035s] [ 11%] Built target example_service_rclcpp__cpp
[2.040s] [ 14%] [32mBuilding C object CMakeFiles/example_service_rclcpp__rosidl_generator_c.dir/rosidl_generator_c/example_service_rclcpp/srv/detail/divide__functions.c.o[0m
[2.086s] [ 17%] [32m[1mLinking C shared library libexample_service_rclcpp__rosidl_generator_c.so[0m
[2.105s] [ 17%] Built target example_service_rclcpp__rosidl_generator_c
[3.487s] [ 20%] [32m[1mLinking CXX executable client[0m
[3.557s] [ 20%] Built target client
[3.558s] gmake: *** [Makefile:146: all] Error 2
[3.560s] Invoked command in '/home/luna/2025-vision-training-master (1)/2025-vision-training-master/homework4/ros_ws/build/example_service_rclcpp' returned '2': CMAKE_PREFIX_PATH=/opt/ros/humble /usr/bin/cmake --build /home/luna/2025-vision-training-master (1)/2025-vision-training-master/homework4/ros_ws/build/example_service_rclcpp -- -j32 -l32
