[01m[K/home/rm-jiaolong/Workspace/homework4/task1/src/service_demo/src/service_server.cpp:19:84:[m[K [01;31m[Kerror: [m[Kexpected â€˜[01m[K)[m[Kâ€™ before â€˜[01m[K;[m[Kâ€™ token
   19 | td::shared_ptr<example_interfaces::srv::AddTwoInts::Response> response[01;31m[K;[m[K
      |                                                                       [01;31m[K^[m[K
      |                                                                       [32m[K)[m[K
[01m[K/home/rm-jiaolong/Workspace/homework4/task1/src/service_demo/src/service_server.cpp:17:20:[m[K [01;36m[Knote: [m[Kto match this â€˜[01m[K([m[Kâ€™
   17 |         void getsum[01;36m[K([m[K
      |                    [01;36m[K^[m[K
[01m[K/home/rm-jiaolong/Workspace/homework4/task1/src/service_demo/src/service_server.cpp:21:9:[m[K [01;31m[Kerror: [m[Kexpected unqualified-id before â€˜[01m[K)[m[Kâ€™ token
   21 |         [01;31m[K)[m[K {
      |         [01;31m[K^[m[K
[01m[K/home/rm-jiaolong/Workspace/homework4/task1/src/service_demo/src/service_server.cpp:[m[K In function â€˜[01m[Kint main(int, char**)[m[Kâ€™:
[01m[K/home/rm-jiaolong/Workspace/homework4/task1/src/service_demo/src/service_server.cpp:31:13:[m[K [01;35m[Kwarning: [m[Kstatement is a reference, not call, to function â€˜[01m[Krclcpp::shutdown[m[Kâ€™ [[01;35m[K]8;;https://gcc.gnu.org/onlinedocs/gcc/Warning-Options.html#index-Waddress-Waddress]8;;[m[K]
   31 |     [01;35m[Krclcpp::shutdown[m[K;
      |     [01;35m[K~~~~~~~~^~~~~~~~[m[K
[01m[K/home/rm-jiaolong/Workspace/homework4/task1/src/service_demo/src/service_server.cpp:31:13:[m[K [01;35m[Kwarning: [m[Kstatement has no effect [[01;35m[K]8;;https://gcc.gnu.org/onlinedocs/gcc/Warning-Options.html#index-Wunused-value-Wunused-value]8;;[m[K]
gmake[2]: *** [CMakeFiles/service_server.dir/build.make:76: CMakeFiles/service_server.dir/src/service_server.cpp.o] Error 1
gmake[1]: *** [CMakeFiles/Makefile2:139: CMakeFiles/service_server.dir/all] Error 2
gmake[1]: *** Waiting for unfinished jobs....
gmake: *** [Makefile:146: all] Error 2
