[0.008s] Invoking command in '/home/luna/2025-vision-training-master (1)/2025-vision-training-master/homework4/ros_ws/build/divide_interface': CMAKE_PREFIX_PATH=/opt/ros/humble /usr/bin/cmake --build /home/luna/2025-vision-training-master (1)/2025-vision-training-master/homework4/ros_ws/build/divide_interface -- -j32 -l32
[0.021s] -- Found ament_cmake: 1.3.10 (/opt/ros/humble/share/ament_cmake/cmake)
[0.171s] -- Found rclcpp: 16.0.10 (/opt/ros/humble/share/rclcpp/cmake)
[0.194s] -- Found rosidl_generator_c: 3.1.5 (/opt/ros/humble/share/rosidl_generator_c/cmake)
[0.196s] -- Found rosidl_adapter: 3.1.5 (/opt/ros/humble/share/rosidl_adapter/cmake)
[0.200s] -- Found rosidl_generator_cpp: 3.1.5 (/opt/ros/humble/share/rosidl_generator_cpp/cmake)
[0.208s] -- Using all available rosidl_typesupport_c: rosidl_typesupport_fastrtps_c;rosidl_typesupport_introspection_c
[0.220s] -- Using all available rosidl_typesupport_cpp: rosidl_typesupport_fastrtps_cpp;rosidl_typesupport_introspection_cpp
[0.249s] -- Found rmw_implementation_cmake: 6.1.2 (/opt/ros/humble/share/rmw_implementation_cmake/cmake)
[0.250s] -- Found rmw_fastrtps_cpp: 6.2.7 (/opt/ros/humble/share/rmw_fastrtps_cpp/cmake)
[0.325s] -- Using RMW implementation 'rmw_fastrtps_cpp' as default
[0.370s] -- Found rosidl_default_generators: 1.2.0 (/opt/ros/humble/share/rosidl_default_generators/cmake)
[0.726s] -- Found ament_cmake_ros: 0.10.0 (/opt/ros/humble/share/ament_cmake_ros/cmake)
[1.350s] -- Using all available rosidl_typesupport_c: rosidl_typesupport_fastrtps_c;rosidl_typesupport_introspection_c
[1.575s] -- Using all available rosidl_typesupport_cpp: rosidl_typesupport_fastrtps_cpp;rosidl_typesupport_introspection_cpp
[1.576s] [33mCMake Warning (dev) at /opt/ros/humble/share/rosidl_generator_py/cmake/rosidl_generator_py_generate_interfaces.cmake:20 (find_package):
[1.577s]   Policy CMP0148 is not set: The FindPythonInterp and FindPythonLibs modules
[1.577s]   are removed.  Run "cmake --help-policy CMP0148" for policy details.  Use
[1.577s]   the cmake_policy command to set the policy and suppress this warning.
[1.577s] 
[1.577s] Call Stack (most recent call first):
[1.577s]   /opt/ros/humble/share/ament_cmake_core/cmake/core/ament_execute_extensions.cmake:48 (include)
[1.577s]   /opt/ros/humble/share/rosidl_cmake/cmake/rosidl_generate_interfaces.cmake:286 (ament_execute_extensions)
[1.577s]   CMakeLists.txt:16 (rosidl_generate_interfaces)
[1.577s] This warning is for project developers.  Use -Wno-dev to suppress it.
[1.577s] [0m
[1.596s] -- Found python_cmake_module: 0.10.0 (/opt/ros/humble/share/python_cmake_module/cmake)
[1.596s] [33mCMake Warning (dev) at /opt/ros/humble/share/python_cmake_module/cmake/Modules/FindPythonExtra.cmake:52 (find_package):
[1.597s]   Policy CMP0148 is not set: The FindPythonInterp and FindPythonLibs modules
[1.597s]   are removed.  Run "cmake --help-policy CMP0148" for policy details.  Use
[1.597s]   the cmake_policy command to set the policy and suppress this warning.
[1.597s] 
[1.597s] Call Stack (most recent call first):
[1.597s]   /opt/ros/humble/share/rosidl_generator_py/cmake/rosidl_generator_py_generate_interfaces.cmake:23 (find_package)
[1.597s]   /opt/ros/humble/share/ament_cmake_core/cmake/core/ament_execute_extensions.cmake:48 (include)
[1.597s]   /opt/ros/humble/share/rosidl_cmake/cmake/rosidl_generate_interfaces.cmake:286 (ament_execute_extensions)
[1.597s]   CMakeLists.txt:16 (rosidl_generate_interfaces)
[1.597s] This warning is for project developers.  Use -Wno-dev to suppress it.
[1.597s] [0m
[1.616s] [33mCMake Warning (dev) at /opt/ros/humble/share/python_cmake_module/cmake/Modules/FindPythonExtra.cmake:140 (find_package):
[1.616s]   Policy CMP0148 is not set: The FindPythonInterp and FindPythonLibs modules
[1.616s]   are removed.  Run "cmake --help-policy CMP0148" for policy details.  Use
[1.616s]   the cmake_policy command to set the policy and suppress this warning.
[1.616s] 
[1.616s] Call Stack (most recent call first):
[1.617s]   /opt/ros/humble/share/rosidl_generator_py/cmake/rosidl_generator_py_generate_interfaces.cmake:23 (find_package)
[1.617s]   /opt/ros/humble/share/ament_cmake_core/cmake/core/ament_execute_extensions.cmake:48 (include)
[1.617s]   /opt/ros/humble/share/rosidl_cmake/cmake/rosidl_generate_interfaces.cmake:286 (ament_execute_extensions)
[1.617s]   CMakeLists.txt:16 (rosidl_generate_interfaces)
[1.617s] This warning is for project developers.  Use -Wno-dev to suppress it.
[1.617s] [0m
[1.618s] -- Using PYTHON_EXECUTABLE: /usr/bin/python3
[1.618s] -- Using PYTHON_INCLUDE_DIRS: /usr/include/python3.10
[1.618s] -- Using PYTHON_LIBRARIES: /usr/lib/x86_64-linux-gnu/libpython3.10.so
[1.628s] -- Found ament_lint_auto: 0.12.11 (/opt/ros/humble/share/ament_lint_auto/cmake)
[1.635s] -- Added test 'lint_cmake' to check CMake code style
[1.635s] -- Added test 'xmllint' to check XML markup files
[1.636s] -- Configuring done (1.6s)
[1.654s] -- Generating done (0.0s)
[1.656s] -- Build files have been written to: /home/luna/2025-vision-training-master (1)/2025-vision-training-master/homework4/ros_ws/build/divide_interface
[1.673s] /bin/sh: 1: Syntax error: "(" unexpected
[1.673s] gmake[2]: *** [CMakeFiles/ament_cmake_python_copy_divide_interface.dir/build.make:70: CMakeFiles/ament_cmake_python_copy_divide_interface] Error 2
[1.674s] gmake[1]: *** [CMakeFiles/Makefile2:421: CMakeFiles/ament_cmake_python_copy_divide_interface.dir/all] Error 2
[1.674s] gmake[1]: *** Waiting for unfinished jobs....
[1.674s] [  3%] Built target divide_interface__cpp
[1.675s] [ 12%] Built target divide_interface__rosidl_generator_c
[1.676s] gmake: *** [Makefile:146: all] Error 2
[1.678s] Invoked command in '/home/luna/2025-vision-training-master (1)/2025-vision-training-master/homework4/ros_ws/build/divide_interface' returned '2': CMAKE_PREFIX_PATH=/opt/ros/humble /usr/bin/cmake --build /home/luna/2025-vision-training-master (1)/2025-vision-training-master/homework4/ros_ws/build/divide_interface -- -j32 -l32
