[0.009s] Invoking command in '/home/luna/2025-vision-training-master (1)/2025-vision-training-master/homework4/ros_ws/build/example_service_rclcpp': /usr/bin/cmake --build /home/luna/2025-vision-training-master (1)/2025-vision-training-master/homework4/ros_ws/build/example_service_rclcpp -- -j32 -l32
[0.024s] -- Found ament_cmake: 1.3.10 (/opt/ros/humble/share/ament_cmake/cmake)
[0.211s] -- Found rosidl_default_generators: 1.2.0 (/opt/ros/humble/share/rosidl_default_generators/cmake)
[0.213s] -- Using all available rosidl_typesupport_c: rosidl_typesupport_fastrtps_c;rosidl_typesupport_introspection_c
[0.215s] -- Found rosidl_adapter: 3.1.5 (/opt/ros/humble/share/rosidl_adapter/cmake)
[0.241s] -- Using all available rosidl_typesupport_cpp: rosidl_typesupport_fastrtps_cpp;rosidl_typesupport_introspection_cpp
[0.262s] -- Found rclcpp: 16.0.10 (/opt/ros/humble/share/rclcpp/cmake)
[0.294s] -- Found rmw_implementation_cmake: 6.1.2 (/opt/ros/humble/share/rmw_implementation_cmake/cmake)
[0.295s] -- Found rmw_fastrtps_cpp: 6.2.7 (/opt/ros/humble/share/rmw_fastrtps_cpp/cmake)
[0.370s] -- Using RMW implementation 'rmw_fastrtps_cpp' as default
[0.636s] Error parsing '/home/luna/2025-vision-training-master (1)/2025-vision-training-master/homework4/ros_ws/src/example_service_rclcpp/package.xml':
[0.665s] Traceback (most recent call last):
[0.665s]   File "/opt/ros/humble/share/ament_cmake_core/cmake/core/package_xml_2_cmake.py", line 150, in <module>
[0.665s]     main()
[0.665s]   File "/opt/ros/humble/share/ament_cmake_core/cmake/core/package_xml_2_cmake.py", line 53, in main
[0.665s]     raise e
[0.665s]   File "/opt/ros/humble/share/ament_cmake_core/cmake/core/package_xml_2_cmake.py", line 49, in main
[0.665s]     package = parse_package_string(
[0.665s]   File "/usr/lib/python3/dist-packages/catkin_pkg/package.py", line 786, in parse_package_string
[0.665s]     raise InvalidPackage('Error(s):%s' % (''.join(['\n- %s' % e for e in errors])), filename)
[0.665s] catkin_pkg.package.InvalidPackage: Error(s) in package '/home/luna/2025-vision-training-master (1)/2025-vision-training-master/homework4/ros_ws/src/example_service_rclcpp/package.xml':
[0.665s] Error(s):
[0.665s] - The generic dependency on 'rosidl_default_runtime' is redundant with: build_export_depend, exec_depend
[0.674s] [31mCMake Error at /opt/ros/humble/share/ament_cmake_core/cmake/core/ament_package_xml.cmake:95 (message):
[0.674s]   execute_process(/usr/bin/python3
[0.674s]   /opt/ros/humble/share/ament_cmake_core/cmake/core/package_xml_2_cmake.py
[0.674s]   /home/luna/2025-vision-training-master
[0.674s]   (1)/2025-vision-training-master/homework4/ros_ws/src/example_service_rclcpp/package.xml
[0.674s]   /home/luna/2025-vision-training-master
[0.674s]   (1)/2025-vision-training-master/homework4/ros_ws/build/example_service_rclcpp/ament_cmake_core/package.cmake)
[0.674s]   returned error code 1
[0.674s] Call Stack (most recent call first):
[0.674s]   /opt/ros/humble/share/ament_cmake_core/cmake/core/ament_package_xml.cmake:49 (_ament_package_xml)
[0.674s]   /opt/ros/humble/share/rosidl_cmake/cmake/rosidl_generate_interfaces.cmake:226 (ament_package_xml)
[0.674s]   CMakeLists.txt:19 (rosidl_generate_interfaces)
[0.674s] 
[0.674s] [0m
[0.674s] -- Configuring incomplete, errors occurred!
[0.680s] gmake: *** [Makefile:308: cmake_check_build_system] Error 1
[0.682s] Invoked command in '/home/luna/2025-vision-training-master (1)/2025-vision-training-master/homework4/ros_ws/build/example_service_rclcpp' returned '2': /usr/bin/cmake --build /home/luna/2025-vision-training-master (1)/2025-vision-training-master/homework4/ros_ws/build/example_service_rclcpp -- -j32 -l32
