-- Found ament_cmake: 1.3.10 (/opt/ros/humble/share/ament_cmake/cmake)
-- Override CMake install command with custom implementation using symlinks instead of copying resources
-- Found rclcpp: 16.0.10 (/opt/ros/humble/share/rclcpp/cmake)
-- Found rosidl_generator_c: 3.1.5 (/opt/ros/humble/share/rosidl_generator_c/cmake)
-- Found rosidl_adapter: 3.1.5 (/opt/ros/humble/share/rosidl_adapter/cmake)
-- Found rosidl_generator_cpp: 3.1.5 (/opt/ros/humble/share/rosidl_generator_cpp/cmake)
-- Using all available rosidl_typesupport_c: rosidl_typesupport_fastrtps_c;rosidl_typesupport_introspection_c
-- Using all available rosidl_typesupport_cpp: rosidl_typesupport_fastrtps_cpp;rosidl_typesupport_introspection_cpp
-- Found rmw_implementation_cmake: 6.1.2 (/opt/ros/humble/share/rmw_implementation_cmake/cmake)
-- Found rmw_fastrtps_cpp: 6.2.7 (/opt/ros/humble/share/rmw_fastrtps_cpp/cmake)
-- Using RMW implementation 'rmw_fastrtps_cpp' as default
-- Found rosidl_default_generators: 1.2.0 (/opt/ros/humble/share/rosidl_default_generators/cmake)
-- Found ament_cmake_ros: 0.10.0 (/opt/ros/humble/share/ament_cmake_ros/cmake)
-- Using all available rosidl_typesupport_c: rosidl_typesupport_fastrtps_c;rosidl_typesupport_introspection_c
-- Using all available rosidl_typesupport_cpp: rosidl_typesupport_fastrtps_cpp;rosidl_typesupport_introspection_cpp
-- Found python_cmake_module: 0.10.0 (/opt/ros/humble/share/python_cmake_module/cmake)
-- Using PYTHON_EXECUTABLE: /usr/bin/python3
-- Using PYTHON_INCLUDE_DIRS: /usr/include/python3.10
-- Using PYTHON_LIBRARIES: /usr/lib/x86_64-linux-gnu/libpython3.10.so
-- Found ament_lint_auto: 0.12.11 (/opt/ros/humble/share/ament_lint_auto/cmake)
-- Added test 'copyright' to check source files copyright and LICENSE
-- Added test 'cppcheck' to perform static code analysis on C / C++ code
-- Configured cppcheck include dirs: $<BUILD_INTERFACE:/home/zmyyy/ZhuMinyi/homework4/division/build/division/rosidl_generator_c>;$<BUILD_INTERFACE:/home/zmyyy/ZhuMinyi/homework4/division/build/division/rosidl_typesupport_fastrtps_c>;$<BUILD_INTERFACE:/home/zmyyy/ZhuMinyi/homework4/division/build/division/rosidl_generator_cpp>;$<BUILD_INTERFACE:/home/zmyyy/ZhuMinyi/homework4/division/build/division/rosidl_typesupport_fastrtps_cpp>;$<BUILD_INTERFACE:/home/zmyyy/ZhuMinyi/homework4/division/build/division/rosidl_typesupport_introspection_c>;$<BUILD_INTERFACE:/home/zmyyy/ZhuMinyi/homework4/division/build/division/rosidl_typesupport_introspection_cpp>;/home/zmyyy/ZhuMinyi/homework4/division/build/division/rosidl_generator_c;/home/zmyyy/ZhuMinyi/homework4/division/build/division/rosidl_generator_py
-- Configured cppcheck exclude dirs and/or files: 
-- Added test 'flake8' to check Python code syntax and style conventions
-- Added test 'lint_cmake' to check CMake code style
-- Added test 'pep257' to check Python code against some of the docstring style conventions in PEP 257
-- Added test 'uncrustify' to check C / C++ code style
-- Configured uncrustify additional arguments: 
-- Added test 'xmllint' to check XML markup files
-- Configuring done
-- Generating done
-- Build files have been written to: /home/zmyyy/ZhuMinyi/homework4/division/build/division
[35m[1mConsolidate compiler generated dependencies of target server[0m
[35m[1mConsolidate compiler generated dependencies of target client[0m
[35m[1mConsolidate compiler generated dependencies of target division__rosidl_generator_c[0m
[  2%] Built target division__cpp
[ 11%] Built target division__rosidl_generator_c
[ 14%] [32mBuilding CXX object CMakeFiles/server.dir/src/server.cpp.o[0m
[35m[1mConsolidate compiler generated dependencies of target division__rosidl_typesupport_introspection_cpp[0m
[35m[1mConsolidate compiler generated dependencies of target division__rosidl_typesupport_cpp[0m
[ 14%] Built target ament_cmake_python_symlink_division
[ 17%] [32mBuilding CXX object CMakeFiles/client.dir/src/client.cpp.o[0m
[35m[1mConsolidate compiler generated dependencies of target division__rosidl_typesupport_fastrtps_c[0m
[35m[1mConsolidate compiler generated dependencies of target division__rosidl_typesupport_fastrtps_cpp[0m
[35m[1mConsolidate compiler generated dependencies of target division__rosidl_typesupport_c[0m
[35m[1mConsolidate compiler generated dependencies of target division__rosidl_typesupport_introspection_c[0m
[ 25%] Built target division__rosidl_typesupport_cpp
[ 34%] Built target division__rosidl_typesupport_introspection_cpp
[ 42%] Built target division__rosidl_typesupport_c
[ 51%] Built target division__rosidl_typesupport_fastrtps_c
[ 60%] Built target division__rosidl_typesupport_introspection_c
[ 68%] Built target division__rosidl_typesupport_fastrtps_cpp
[ 68%] Built target division
[01m[K/home/zmyyy/ZhuMinyi/homework4/division/src/client.cpp:1:10:[m[K [01;31m[Kfatal error: [m[Kdivision/srv/division.hpp: No such file or directory
    1 | #include [01;31m[K"division/srv/division.hpp"[m[K
      |          [01;31m[K^~~~~~~~~~~~~~~~~~~~~~~~~~~[m[K
[01m[K/home/zmyyy/ZhuMinyi/homework4/division/src/server.cpp:1:10:[m[K [01;31m[Kfatal error: [m[Kdivision/srv/division.hpp: No such file or directory
    1 | #include [01;31m[K"division/srv/division.hpp"[m[K
      |          [01;31m[K^~~~~~~~~~~~~~~~~~~~~~~~~~~[m[K
compilation terminated.
compilation terminated.
gmake[2]: *** [CMakeFiles/server.dir/build.make:76: CMakeFiles/server.dir/src/server.cpp.o] Error 1
gmake[2]: *** [CMakeFiles/client.dir/build.make:76: CMakeFiles/client.dir/src/client.cpp.o] Error 1
gmake[1]: *** [CMakeFiles/Makefile2:594: CMakeFiles/server.dir/all] Error 2
gmake[1]: *** Waiting for unfinished jobs....
gmake[1]: *** [CMakeFiles/Makefile2:620: CMakeFiles/client.dir/all] Error 2
[ 71%] Built target division__py
running egg_info
writing division.egg-info/PKG-INFO
writing dependency_links to division.egg-info/dependency_links.txt
writing top-level names to division.egg-info/top_level.txt
reading manifest file 'division.egg-info/SOURCES.txt'
writing manifest file 'division.egg-info/SOURCES.txt'
[ 71%] Built target ament_cmake_python_build_division_egg
gmake: *** [Makefile:146: all] Error 2
